e:\upc\ciclo verano 2023-0\algoritmos(programacion 2)\finales\tf-u\tf\x64\debug\vc143.pdb
e:\upc\ciclo verano 2023-0\algoritmos(programacion 2)\finales\tf-u\tf\x64\debug\.netframework,version=v4.7.2.assemblyattributes.obj
e:\upc\ciclo verano 2023-0\algoritmos(programacion 2)\finales\tf-u\tf\x64\debug\formmenu.obj
e:\upc\ciclo verano 2023-0\algoritmos(programacion 2)\finales\tf-u\tf\x64\debug\forminstrucciones.obj
e:\upc\ciclo verano 2023-0\algoritmos(programacion 2)\finales\tf-u\tf\x64\debug\creditos.obj
e:\upc\ciclo verano 2023-0\algoritmos(programacion 2)\finales\tf-u\tf\x64\debug\gameoverform.obj
e:\upc\ciclo verano 2023-0\algoritmos(programacion 2)\finales\tf-u\tf\x64\debug\myform.obj
e:\upc\ciclo verano 2023-0\algoritmos(programacion 2)\finales\tf-u\tf\x64\debug\lvlselector.obj
e:\upc\ciclo verano 2023-0\algoritmos(programacion 2)\finales\tf-u\tf\x64\debug\formnivel2.obj
e:\upc\ciclo verano 2023-0\algoritmos(programacion 2)\finales\tf-u\x64\debug\tf.exe
e:\upc\ciclo verano 2023-0\algoritmos(programacion 2)\finales\tf-u\x64\debug\tf.pdb
e:\upc\ciclo verano 2023-0\algoritmos(programacion 2)\finales\tf-u\tf\x64\debug\tf.tlog\cl.command.1.tlog
e:\upc\ciclo verano 2023-0\algoritmos(programacion 2)\finales\tf-u\tf\x64\debug\tf.tlog\cl.read.1.tlog
e:\upc\ciclo verano 2023-0\algoritmos(programacion 2)\finales\tf-u\tf\x64\debug\tf.tlog\cl.write.1.tlog
e:\upc\ciclo verano 2023-0\algoritmos(programacion 2)\finales\tf-u\tf\x64\debug\tf.tlog\link.command.1.tlog
e:\upc\ciclo verano 2023-0\algoritmos(programacion 2)\finales\tf-u\tf\x64\debug\tf.tlog\link.read.1.tlog
e:\upc\ciclo verano 2023-0\algoritmos(programacion 2)\finales\tf-u\tf\x64\debug\tf.tlog\link.write.1.tlog
e:\upc\ciclo verano 2023-0\algoritmos(programacion 2)\finales\tf-u\tf\x64\debug\tf.tlog\metagen.read.1.tlog
e:\upc\ciclo verano 2023-0\algoritmos(programacion 2)\finales\tf-u\tf\x64\debug\tf.tlog\metagen.write.1.tlog
e:\upc\ciclo verano 2023-0\algoritmos(programacion 2)\finales\tf-u\tf\x64\debug\tf.tlog\resgen.command.1.tlog
e:\upc\ciclo verano 2023-0\algoritmos(programacion 2)\finales\tf-u\tf\x64\debug\tf.tlog\resgen.read.1.tlog
e:\upc\ciclo verano 2023-0\algoritmos(programacion 2)\finales\tf-u\tf\x64\debug\tf.tlog\resgen.write.1.tlog
